This file contains any messages produced by compilers while
running configure, to aid debugging if configure makes a mistake.

It was created by nloptr configure 1.0.1, which was
generated by GNU Autoconf 2.69.  Invocation command line was

  $ ./configure 

## --------- ##
## Platform. ##
## --------- ##

hostname = RAIMBP.local
uname -m = x86_64
uname -r = 20.5.0
uname -s = Darwin
uname -v = Darwin Kernel Version 20.5.0: Sat May  8 05:10:33 PDT 2021; root:xnu-7195.121.3~9/RELEASE_X86_64

/usr/bin/uname -p = i386
/bin/uname -X     = unknown

/bin/arch              = unknown
/usr/bin/arch -k       = unknown
/usr/convex/getsysinfo = unknown
/usr/bin/hostinfo      = Mach kernel version:
	 Darwin Kernel Version 20.5.0: Sat May  8 05:10:33 PDT 2021; root:xnu-7195.121.3~9/RELEASE_X86_64
Kernel configured for up to 8 processors.
4 processors are physically available.
8 processors are logically available.
Processor type: x86_64h (Intel x86-64h Haswell)
Processors active: 0 1 2 3 4 5 6 7
Primary memory available: 16.00 gigabytes
Default processor set: 537 tasks, 2321 threads, 8 processors
Load average: 6.51, Mach factor: 2.19
/bin/machine           = unknown
/usr/bin/oslevel       = unknown
/bin/universe          = unknown

PATH: /usr/bin
PATH: /bin
PATH: /usr/sbin
PATH: /sbin
PATH: /usr/local/bin
PATH: /Library/TeX/texbin
PATH: /usr/local/share/dotnet
PATH: /opt/X11/bin
PATH: ~/.dotnet/tools
PATH: /Library/Apple/usr/bin
PATH: /Library/Frameworks/Mono.framework/Versions/Current/Commands
PATH: /Applications/Xamarin Workbooks.app/Contents/SharedSupport/path-bin
PATH: /Applications/RStudio.app/Contents/MacOS/postback


## ----------- ##
## Core tests. ##
## ----------- ##

configure:2148: checking for C++ compiler version
configure:2157: clang++ -std=gnu++14 --version >&5
Apple clang version 12.0.5 (clang-1205.0.22.11)
Target: x86_64-apple-darwin20.5.0
Thread model: posix
InstalledDir: /Applications/Xcode.app/Contents/Developer/Toolchains/XcodeDefault.xctoolchain/usr/bin
configure:2168: $? = 0
configure:2157: clang++ -std=gnu++14 -v >&5
Apple clang version 12.0.5 (clang-1205.0.22.11)
Target: x86_64-apple-darwin20.5.0
Thread model: posix
InstalledDir: /Applications/Xcode.app/Contents/Developer/Toolchains/XcodeDefault.xctoolchain/usr/bin
clang: warning: argument unused during compilation: '-std=gnu++14' [-Wunused-command-line-argument]
configure:2168: $? = 0
configure:2157: clang++ -std=gnu++14 -V >&5
clang: error: argument to '-V' is missing (expected 1 value)
clang: error: no input files
configure:2168: $? = 1
configure:2157: clang++ -std=gnu++14 -qversion >&5
clang: error: unknown argument '-qversion'; did you mean '--version'?
clang: error: no input files
configure:2168: $? = 1
configure:2188: checking whether the C++ compiler works
configure:2210: clang++ -std=gnu++14 -Wall -g -O2    conftest.cpp  >&5
configure:2214: $? = 0
configure:2262: result: yes
configure:2265: checking for C++ compiler default output file name
configure:2267: result: a.out
configure:2273: checking for suffix of executables
configure:2280: clang++ -std=gnu++14 -o conftest -Wall -g -O2    conftest.cpp  >&5
configure:2284: $? = 0
configure:2306: result: 
configure:2328: checking whether we are cross compiling
configure:2336: clang++ -std=gnu++14 -o conftest -Wall -g -O2    conftest.cpp  >&5
configure:2340: $? = 0
configure:2347: ./conftest
configure:2351: $? = 0
configure:2366: result: no
configure:2371: checking for suffix of object files
configure:2393: clang++ -std=gnu++14 -c -Wall -g -O2   conftest.cpp >&5
configure:2397: $? = 0
configure:2418: result: o
configure:2422: checking whether we are using the GNU C++ compiler
configure:2441: clang++ -std=gnu++14 -c -Wall -g -O2   conftest.cpp >&5
configure:2441: $? = 0
configure:2450: result: yes
configure:2459: checking whether clang++ -std=gnu++14 accepts -g
configure:2479: clang++ -std=gnu++14 -c -g  conftest.cpp >&5
configure:2479: $? = 0
configure:2520: result: yes
configure:2549: checking how to run the C++ preprocessor
configure:2615: result: clang++ -std=gnu++14 -E
configure:2635: clang++ -std=gnu++14 -E  conftest.cpp
configure:2635: $? = 0
configure:2649: clang++ -std=gnu++14 -E  conftest.cpp
conftest.cpp:9:10: fatal error: 'ac_nonexistent.h' file not found
#include <ac_nonexistent.h>
         ^~~~~~~~~~~~~~~~~~
1 error generated.
configure:2649: $? = 1
configure: failed program was:
| /* confdefs.h */
| #define PACKAGE_NAME "nloptr"
| #define PACKAGE_TARNAME "nloptr"
| #define PACKAGE_VERSION "1.0.1"
| #define PACKAGE_STRING "nloptr 1.0.1"
| #define PACKAGE_BUGREPORT ""
| #define PACKAGE_URL ""
| /* end confdefs.h.  */
| #include <ac_nonexistent.h>
configure:2791: checking for C++ compiler version
configure:2800: clang++ -std=gnu++14 --version >&5
Apple clang version 12.0.5 (clang-1205.0.22.11)
Target: x86_64-apple-darwin20.5.0
Thread model: posix
InstalledDir: /Applications/Xcode.app/Contents/Developer/Toolchains/XcodeDefault.xctoolchain/usr/bin
configure:2811: $? = 0
configure:2800: clang++ -std=gnu++14 -v >&5
Apple clang version 12.0.5 (clang-1205.0.22.11)
Target: x86_64-apple-darwin20.5.0
Thread model: posix
InstalledDir: /Applications/Xcode.app/Contents/Developer/Toolchains/XcodeDefault.xctoolchain/usr/bin
clang: warning: argument unused during compilation: '-std=gnu++14' [-Wunused-command-line-argument]
configure:2811: $? = 0
configure:2800: clang++ -std=gnu++14 -V >&5
clang: error: argument to '-V' is missing (expected 1 value)
clang: error: no input files
configure:2811: $? = 1
configure:2800: clang++ -std=gnu++14 -qversion >&5
clang: error: unknown argument '-qversion'; did you mean '--version'?
clang: error: no input files
configure:2811: $? = 1
configure:2815: checking whether we are using the GNU C++ compiler
configure:2843: result: yes
configure:2852: checking whether clang++ -std=gnu++14 accepts -g
configure:2913: result: yes
configure:2941: checking for pkg-config
configure:2957: found /usr/local/bin/pkg-config
configure:2968: result: yes
configure:3002: Now testing for NLopt header file.
configure:3005: checking for grep that handles long lines and -e
configure:3063: result: /usr/bin/grep
configure:3068: checking for egrep
configure:3130: result: /usr/bin/grep -E
configure:3135: checking for ANSI C header files
configure:3155: clang++ -std=gnu++14 -c  -Wall -g -O2   conftest.cpp >&5
configure:3155: $? = 0
configure:3228: clang++ -std=gnu++14 -o conftest  -Wall -g -O2    conftest.cpp  >&5
configure:3228: $? = 0
configure:3228: ./conftest
configure:3228: $? = 0
configure:3239: result: yes
configure:3252: checking for sys/types.h
configure:3252: clang++ -std=gnu++14 -c  -Wall -g -O2   conftest.cpp >&5
configure:3252: $? = 0
configure:3252: result: yes
configure:3252: checking for sys/stat.h
configure:3252: clang++ -std=gnu++14 -c  -Wall -g -O2   conftest.cpp >&5
configure:3252: $? = 0
configure:3252: result: yes
configure:3252: checking for stdlib.h
configure:3252: clang++ -std=gnu++14 -c  -Wall -g -O2   conftest.cpp >&5
configure:3252: $? = 0
configure:3252: result: yes
configure:3252: checking for string.h
configure:3252: clang++ -std=gnu++14 -c  -Wall -g -O2   conftest.cpp >&5
configure:3252: $? = 0
configure:3252: result: yes
configure:3252: checking for memory.h
configure:3252: clang++ -std=gnu++14 -c  -Wall -g -O2   conftest.cpp >&5
configure:3252: $? = 0
configure:3252: result: yes
configure:3252: checking for strings.h
configure:3252: clang++ -std=gnu++14 -c  -Wall -g -O2   conftest.cpp >&5
configure:3252: $? = 0
configure:3252: result: yes
configure:3252: checking for inttypes.h
configure:3252: clang++ -std=gnu++14 -c  -Wall -g -O2   conftest.cpp >&5
configure:3252: $? = 0
configure:3252: result: yes
configure:3252: checking for stdint.h
configure:3252: clang++ -std=gnu++14 -c  -Wall -g -O2   conftest.cpp >&5
configure:3252: $? = 0
configure:3252: result: yes
configure:3252: checking for unistd.h
configure:3252: clang++ -std=gnu++14 -c  -Wall -g -O2   conftest.cpp >&5
configure:3252: $? = 0
configure:3252: result: yes
configure:3265: checking nlopt.h usability
configure:3265: clang++ -std=gnu++14 -c  -Wall -g -O2   conftest.cpp >&5
conftest.cpp:52:10: fatal error: 'nlopt.h' file not found
#include <nlopt.h>
         ^~~~~~~~~
1 error generated.
configure:3265: $? = 1
configure: failed program was:
| /* confdefs.h */
| #define PACKAGE_NAME "nloptr"
| #define PACKAGE_TARNAME "nloptr"
| #define PACKAGE_VERSION "1.0.1"
| #define PACKAGE_STRING "nloptr 1.0.1"
| #define PACKAGE_BUGREPORT ""
| #define PACKAGE_URL ""
| #define STDC_HEADERS 1
| #define HAVE_SYS_TYPES_H 1
| #define HAVE_SYS_STAT_H 1
| #define HAVE_STDLIB_H 1
| #define HAVE_STRING_H 1
| #define HAVE_MEMORY_H 1
| #define HAVE_STRINGS_H 1
| #define HAVE_INTTYPES_H 1
| #define HAVE_STDINT_H 1
| #define HAVE_UNISTD_H 1
| /* end confdefs.h.  */
| #include <stdio.h>
| #ifdef HAVE_SYS_TYPES_H
| # include <sys/types.h>
| #endif
| #ifdef HAVE_SYS_STAT_H
| # include <sys/stat.h>
| #endif
| #ifdef STDC_HEADERS
| # include <stdlib.h>
| # include <stddef.h>
| #else
| # ifdef HAVE_STDLIB_H
| #  include <stdlib.h>
| # endif
| #endif
| #ifdef HAVE_STRING_H
| # if !defined STDC_HEADERS && defined HAVE_MEMORY_H
| #  include <memory.h>
| # endif
| # include <string.h>
| #endif
| #ifdef HAVE_STRINGS_H
| # include <strings.h>
| #endif
| #ifdef HAVE_INTTYPES_H
| # include <inttypes.h>
| #endif
| #ifdef HAVE_STDINT_H
| # include <stdint.h>
| #endif
| #ifdef HAVE_UNISTD_H
| # include <unistd.h>
| #endif
| #include <nlopt.h>
configure:3265: result: no
configure:3265: checking nlopt.h presence
configure:3265: clang++ -std=gnu++14 -E  conftest.cpp
conftest.cpp:19:10: fatal error: 'nlopt.h' file not found
#include <nlopt.h>
         ^~~~~~~~~
1 error generated.
configure:3265: $? = 1
configure: failed program was:
| /* confdefs.h */
| #define PACKAGE_NAME "nloptr"
| #define PACKAGE_TARNAME "nloptr"
| #define PACKAGE_VERSION "1.0.1"
| #define PACKAGE_STRING "nloptr 1.0.1"
| #define PACKAGE_BUGREPORT ""
| #define PACKAGE_URL ""
| #define STDC_HEADERS 1
| #define HAVE_SYS_TYPES_H 1
| #define HAVE_SYS_STAT_H 1
| #define HAVE_STDLIB_H 1
| #define HAVE_STRING_H 1
| #define HAVE_MEMORY_H 1
| #define HAVE_STRINGS_H 1
| #define HAVE_INTTYPES_H 1
| #define HAVE_STDINT_H 1
| #define HAVE_UNISTD_H 1
| /* end confdefs.h.  */
| #include <nlopt.h>
configure:3265: result: no
configure:3265: checking for nlopt.h
configure:3265: result: no
configure:3305: Need to configure and build NLopt
configure:3321: Starting to install library to /Users/riasataliistiaque/Documents/ntu-phd/2-study-slsqp/1-nloptr-src/src/nlopt_src
configure:3329: Done installing library to /Users/riasataliistiaque/Documents/ntu-phd/2-study-slsqp/1-nloptr-src/src/nlopt_src
configure:3509: creating ./config.status

## ---------------------- ##
## Running config.status. ##
## ---------------------- ##

This file was extended by nloptr config.status 1.0.1, which was
generated by GNU Autoconf 2.69.  Invocation command line was

  CONFIG_FILES    = 
  CONFIG_HEADERS  = 
  CONFIG_LINKS    = 
  CONFIG_COMMANDS = 
  $ ./config.status 

on RAIMBP.local

config.status:730: creating src/Makevars
config.status:730: creating R/PkgFlags.R

## ---------------- ##
## Cache variables. ##
## ---------------- ##

ac_cv_cxx_compiler_gnu=yes
ac_cv_env_CCC_set=
ac_cv_env_CCC_value=
ac_cv_env_CPPFLAGS_set=
ac_cv_env_CPPFLAGS_value=
ac_cv_env_CXXCPP_set=
ac_cv_env_CXXCPP_value=
ac_cv_env_CXXFLAGS_set=
ac_cv_env_CXXFLAGS_value=
ac_cv_env_CXX_set=
ac_cv_env_CXX_value=
ac_cv_env_LDFLAGS_set=
ac_cv_env_LDFLAGS_value=
ac_cv_env_LIBS_set=
ac_cv_env_LIBS_value=
ac_cv_env_build_alias_set=
ac_cv_env_build_alias_value=
ac_cv_env_host_alias_set=
ac_cv_env_host_alias_value=
ac_cv_env_target_alias_set=
ac_cv_env_target_alias_value=
ac_cv_header_inttypes_h=yes
ac_cv_header_memory_h=yes
ac_cv_header_nlopt_h=no
ac_cv_header_stdc=yes
ac_cv_header_stdint_h=yes
ac_cv_header_stdlib_h=yes
ac_cv_header_string_h=yes
ac_cv_header_strings_h=yes
ac_cv_header_sys_stat_h=yes
ac_cv_header_sys_types_h=yes
ac_cv_header_unistd_h=yes
ac_cv_objext=o
ac_cv_path_EGREP='/usr/bin/grep -E'
ac_cv_path_GREP=/usr/bin/grep
ac_cv_prog_CXXCPP='clang++ -std=gnu++14 -E'
ac_cv_prog_PKGCONFIG=yes
ac_cv_prog_cxx_g=yes

## ----------------- ##
## Output variables. ##
## ----------------- ##

CPPFLAGS=''
CXX='clang++ -std=gnu++14'
CXXCPP='clang++ -std=gnu++14 -E'
CXXFLAGS=' -Wall -g -O2 '
DEFS='-DPACKAGE_NAME=\"nloptr\" -DPACKAGE_TARNAME=\"nloptr\" -DPACKAGE_VERSION=\"1.0.1\" -DPACKAGE_STRING=\"nloptr\ 1.0.1\" -DPACKAGE_BUGREPORT=\"\" -DPACKAGE_URL=\"\" -DSTDC_HEADERS=1 -DHAVE_SYS_TYPES_H=1 -DHAVE_SYS_STAT_H=1 -DHAVE_STDLIB_H=1 -DHAVE_STRING_H=1 -DHAVE_MEMORY_H=1 -DHAVE_STRINGS_H=1 -DHAVE_INTTYPES_H=1 -DHAVE_STDINT_H=1 -DHAVE_UNISTD_H=1'
ECHO_C='\c'
ECHO_N=''
ECHO_T=''
EGREP='/usr/bin/grep -E'
EXEEXT=''
GREP='/usr/bin/grep'
LDFLAGS=''
LIBOBJS=''
LIBS=''
LTLIBOBJS=''
MAKEVARS_PKG_CFLAGS='  -Wall -g -O2  -I/Users/riasataliistiaque/Documents/ntu-phd/2-study-slsqp/1-nloptr-src/src/nlopt_src/include'
MAKEVARS_PKG_LIBS=' -lm -lm /Users/riasataliistiaque/Documents/ntu-phd/2-study-slsqp/1-nloptr-src/src/nlopt_src/lib/libnlopt_cxx.a'
OBJEXT='o'
PACKAGE_BUGREPORT=''
PACKAGE_NAME='nloptr'
PACKAGE_STRING='nloptr 1.0.1'
PACKAGE_TARNAME='nloptr'
PACKAGE_URL=''
PACKAGE_VERSION='1.0.1'
PATH_SEPARATOR=':'
PKGCONFIG='yes'
PKG_CFLAGS=' '
PKG_LIBS=' -lm'
SHELL='/bin/sh'
ac_ct_CXX=''
bindir='${exec_prefix}/bin'
build_alias=''
datadir='${datarootdir}'
datarootdir='${prefix}/share'
docdir='${datarootdir}/doc/${PACKAGE_TARNAME}'
dvidir='${docdir}'
exec_prefix='${prefix}'
host_alias=''
htmldir='${docdir}'
includedir='${prefix}/include'
infodir='${datarootdir}/info'
libdir='${exec_prefix}/lib'
libexecdir='${exec_prefix}/libexec'
localedir='${datarootdir}/locale'
localstatedir='${prefix}/var'
mandir='${datarootdir}/man'
oldincludedir='/usr/include'
pdfdir='${docdir}'
prefix='/usr/local'
program_transform_name='s,x,x,'
psdir='${docdir}'
runstatedir='${localstatedir}/run'
sbindir='${exec_prefix}/sbin'
sharedstatedir='${prefix}/com'
sysconfdir='${prefix}/etc'
target_alias=''

## ----------- ##
## confdefs.h. ##
## ----------- ##

/* confdefs.h */
#define PACKAGE_NAME "nloptr"
#define PACKAGE_TARNAME "nloptr"
#define PACKAGE_VERSION "1.0.1"
#define PACKAGE_STRING "nloptr 1.0.1"
#define PACKAGE_BUGREPORT ""
#define PACKAGE_URL ""
#define STDC_HEADERS 1
#define HAVE_SYS_TYPES_H 1
#define HAVE_SYS_STAT_H 1
#define HAVE_STDLIB_H 1
#define HAVE_STRING_H 1
#define HAVE_MEMORY_H 1
#define HAVE_STRINGS_H 1
#define HAVE_INTTYPES_H 1
#define HAVE_STDINT_H 1
#define HAVE_UNISTD_H 1

configure: exit 0
